# JRE version: OpenJDK Runtime Environment Temurin-17.0.10+7 (17.0.10+7) (build 17.0.10+7)
# Java VM: OpenJDK 64-Bit Server VM Temurin-17.0.10+7 (17.0.10+7, mixed mode, tiered, compressed oops, compressed class ptrs, g1 gc, windows-amd64)
GC Precious Log:
 CPUs: 16 total, 16 available
 Memory: 16088M
 Large Page Support: Disabled
 NUMA Support: Disabled
 Compressed Oops: Enabled (Zero based)
 Heap Region Size: 2M
 Heap Min Capacity: 8M
 Heap Initial Capacity: 252M
 Heap Max Capacity: 4024M
 Pre-touch: Disabled
 Parallel Workers: 13
 Concurrent Workers: 3
 Concurrent Refinement Workers: 13
 Periodic GC: Disabled
Heap:
 garbage-first heap   total 61440K, used 27256K [0x0000000704800000, 0x0000000800000000)
  region size 2048K, 5 young (10240K), 1 survivors (2048K)
 Metaspace       used 54573K, committed 55104K, reserved 1114112K
  class space    used 6218K, committed 6464K, reserved 1048576K
GC Heap History (20 events):
Event: 0.611 GC heap before
{Heap before GC invocations=1 (full 0):
 garbage-first heap   total 258048K, used 28217K [0x0000000704800000, 0x0000000800000000)
  region size 2048K, 14 young (28672K), 2 survivors (4096K)
 Metaspace       used 20930K, committed 21120K, reserved 1114112K
  class space    used 2207K, committed 2304K, reserved 1048576K
}
Event: 0.614 GC heap after
{Heap after GC invocations=2 (full 0):
 garbage-first heap   total 258048K, used 8183K [0x0000000704800000, 0x0000000800000000)
  region size 2048K, 2 young (4096K), 2 survivors (4096K)
 Metaspace       used 20930K, committed 21120K, reserved 1114112K
  class space    used 2207K, committed 2304K, reserved 1048576K
}
Event: 0.624 GC heap before
{Heap before GC invocations=2 (full 0):
 garbage-first heap   total 258048K, used 8183K [0x0000000704800000, 0x0000000800000000)
  region size 2048K, 3 young (6144K), 2 survivors (4096K)
 Metaspace       used 21275K, committed 21504K, reserved 1114112K
  class space    used 2258K, committed 2368K, reserved 1048576K
}
Event: 0.625 GC heap after
{Heap after GC invocations=3 (full 0):
 garbage-first heap   total 258048K, used 8383K [0x0000000704800000, 0x0000000800000000)
  region size 2048K, 2 young (4096K), 2 survivors (4096K)
 Metaspace       used 21275K, committed 21504K, reserved 1114112K
  class space    used 2258K, committed 2368K, reserved 1048576K
}
Event: 0.768 GC heap before
{Heap before GC invocations=4 (full 0):
 garbage-first heap   total 40960K, used 26815K [0x0000000704800000, 0x0000000800000000)
  region size 2048K, 12 young (24576K), 2 survivors (4096K)
 Metaspace       used 25373K, committed 25600K, reserved 1114112K
  class space    used 2834K, committed 2944K, reserved 1048576K
}
Event: 0.770 GC heap after
{Heap after GC invocations=5 (full 0):
 garbage-first heap   total 40960K, used 10176K [0x0000000704800000, 0x0000000800000000)
  region size 2048K, 3 young (6144K), 3 survivors (6144K)
 Metaspace       used 25373K, committed 25600K, reserved 1114112K
  class space    used 2834K, committed 2944K, reserved 1048576K
}
Event: 0.798 GC heap before
{Heap before GC invocations=5 (full 0):
 garbage-first heap   total 40960K, used 12224K [0x0000000704800000, 0x0000000800000000)
  region size 2048K, 4 young (8192K), 3 survivors (6144K)
 Metaspace       used 25541K, committed 25856K, reserved 1114112K
  class space    used 2861K, committed 3008K, reserved 1048576K
}
Event: 0.801 GC heap after
{Heap after GC invocations=6 (full 0):
 garbage-first heap   total 40960K, used 10793K [0x0000000704800000, 0x0000000800000000)
  region size 2048K, 1 young (2048K), 1 survivors (2048K)
 Metaspace       used 25541K, committed 25856K, reserved 1114112K
  class space    used 2861K, committed 3008K, reserved 1048576K
}
Event: 1.040 GC heap before
{Heap before GC invocations=6 (full 0):
 garbage-first heap   total 40960K, used 27177K [0x0000000704800000, 0x0000000800000000)
  region size 2048K, 9 young (18432K), 1 survivors (2048K)
 Metaspace       used 27028K, committed 27264K, reserved 1114112K
  class space    used 3021K, committed 3136K, reserved 1048576K
}
Event: 1.042 GC heap after
{Heap after GC invocations=7 (full 0):
 garbage-first heap   total 149504K, used 11874K [0x0000000704800000, 0x0000000800000000)
  region size 2048K, 1 young (2048K), 1 survivors (2048K)
 Metaspace       used 27028K, committed 27264K, reserved 1114112K
  class space    used 3021K, committed 3136K, reserved 1048576K
}
Event: 1.635 GC heap before
{Heap before GC invocations=7 (full 0):
 garbage-first heap   total 149504K, used 52834K [0x0000000704800000, 0x0000000800000000)
  region size 2048K, 22 young (45056K), 1 survivors (2048K)
 Metaspace       used 35599K, committed 35968K, reserved 1114112K
  class space    used 4076K, committed 4288K, reserved 1048576K
}
Event: 1.640 GC heap after
{Heap after GC invocations=8 (full 0):
 garbage-first heap   total 149504K, used 15366K [0x0000000704800000, 0x0000000800000000)
  region size 2048K, 3 young (6144K), 3 survivors (6144K)
 Metaspace       used 35599K, committed 35968K, reserved 1114112K
  class space    used 4076K, committed 4288K, reserved 1048576K
}
Event: 2.154 GC heap before
{Heap before GC invocations=9 (full 0):
 garbage-first heap   total 61440K, used 46086K [0x0000000704800000, 0x0000000800000000)
  region size 2048K, 18 young (36864K), 3 survivors (6144K)
 Metaspace       used 40149K, committed 40640K, reserved 1114112K
  class space    used 4675K, committed 4928K, reserved 1048576K
}
Event: 2.157 GC heap after
{Heap after GC invocations=10 (full 0):
 garbage-first heap   total 61440K, used 17797K [0x0000000704800000, 0x0000000800000000)
  region size 2048K, 2 young (4096K), 2 survivors (4096K)
 Metaspace       used 40149K, committed 40640K, reserved 1114112K
  class space    used 4675K, committed 4928K, reserved 1048576K
}
Event: 2.210 GC heap before
{Heap before GC invocations=10 (full 0):
 garbage-first heap   total 61440K, used 19845K [0x0000000704800000, 0x0000000800000000)
  region size 2048K, 3 young (6144K), 2 survivors (4096K)
 Metaspace       used 40601K, committed 41088K, reserved 1114112K
  class space    used 4739K, committed 4992K, reserved 1048576K
}
Event: 2.212 GC heap after
{Heap after GC invocations=11 (full 0):
 garbage-first heap   total 61440K, used 18215K [0x0000000704800000, 0x0000000800000000)
  region size 2048K, 1 young (2048K), 1 survivors (2048K)
 Metaspace       used 40601K, committed 41088K, reserved 1114112K
  class space    used 4739K, committed 4992K, reserved 1048576K
}
Event: 11.730 GC heap before
{Heap before GC invocations=11 (full 0):
 garbage-first heap   total 61440K, used 42791K [0x0000000704800000, 0x0000000800000000)
  region size 2048K, 13 young (26624K), 1 survivors (2048K)
 Metaspace       used 46971K, committed 47488K, reserved 1114112K
  class space    used 5427K, committed 5696K, reserved 1048576K
}
Event: 11.732 GC heap after
{Heap after GC invocations=12 (full 0):
 garbage-first heap   total 61440K, used 20004K [0x0000000704800000, 0x0000000800000000)
  region size 2048K, 2 young (4096K), 2 survivors (4096K)
 Metaspace       used 46971K, committed 47488K, reserved 1114112K
  class space    used 5427K, committed 5696K, reserved 1048576K
}
Event: 13.105 GC heap before
{Heap before GC invocations=12 (full 0):
 garbage-first heap   total 61440K, used 44580K [0x0000000704800000, 0x0000000800000000)
  region size 2048K, 14 young (28672K), 2 survivors (4096K)
 Metaspace       used 52671K, committed 53184K, reserved 1114112K
  class space    used 6034K, committed 6272K, reserved 1048576K
}
Event: 13.108 GC heap after
{Heap after GC invocations=13 (full 0):
 garbage-first heap   total 61440K, used 21112K [0x0000000704800000, 0x0000000800000000)
  region size 2048K, 1 young (2048K), 1 survivors (2048K)
 Metaspace       used 52671K, committed 53184K, reserved 1114112K
  class space    used 6034K, committed 6272K, reserved 1048576K
}

