# JRE version: OpenJDK Runtime Environment Temurin-17.0.10+7 (17.0.10+7) (build 17.0.10+7)
# Java VM: OpenJDK 64-Bit Server VM Temurin-17.0.10+7 (17.0.10+7, mixed mode, tiered, compressed oops, compressed class ptrs, g1 gc, windows-amd64)
GC Precious Log:
 CPUs: 16 total, 16 available
 Memory: 16088M
 Large Page Support: Disabled
 NUMA Support: Disabled
 Compressed Oops: Enabled (Zero based)
 Heap Region Size: 2M
 Heap Min Capacity: 8M
 Heap Initial Capacity: 252M
 Heap Max Capacity: 4024M
 Pre-touch: Disabled
 Parallel Workers: 13
 Concurrent Workers: 3
 Concurrent Refinement Workers: 13
 Periodic GC: Disabled
Heap:
 garbage-first heap   total 61440K, used 34188K [0x0000000704800000, 0x0000000800000000)
  region size 2048K, 6 young (12288K), 1 survivors (2048K)
 Metaspace       used 66784K, committed 67264K, reserved 1114112K
  class space    used 7580K, committed 7808K, reserved 1048576K
GC Heap History (20 events):
Event: 1.626 GC heap before
{Heap before GC invocations=7 (full 0):
 garbage-first heap   total 149504K, used 52764K [0x0000000704800000, 0x0000000800000000)
  region size 2048K, 22 young (45056K), 1 survivors (2048K)
 Metaspace       used 35729K, committed 36096K, reserved 1114112K
  class space    used 4092K, committed 4288K, reserved 1048576K
}
Event: 1.630 GC heap after
{Heap after GC invocations=8 (full 0):
 garbage-first heap   total 149504K, used 15199K [0x0000000704800000, 0x0000000800000000)
  region size 2048K, 3 young (6144K), 3 survivors (6144K)
 Metaspace       used 35729K, committed 36096K, reserved 1114112K
  class space    used 4092K, committed 4288K, reserved 1048576K
}
Event: 2.237 GC heap before
{Heap before GC invocations=9 (full 0):
 garbage-first heap   total 61440K, used 45919K [0x0000000704800000, 0x0000000800000000)
  region size 2048K, 18 young (36864K), 3 survivors (6144K)
 Metaspace       used 40294K, committed 40704K, reserved 1114112K
  class space    used 4698K, committed 4928K, reserved 1048576K
}
Event: 2.240 GC heap after
{Heap after GC invocations=10 (full 0):
 garbage-first heap   total 61440K, used 17755K [0x0000000704800000, 0x0000000800000000)
  region size 2048K, 2 young (4096K), 2 survivors (4096K)
 Metaspace       used 40294K, committed 40704K, reserved 1114112K
  class space    used 4698K, committed 4928K, reserved 1048576K
}
Event: 2.291 GC heap before
{Heap before GC invocations=10 (full 0):
 garbage-first heap   total 61440K, used 19803K [0x0000000704800000, 0x0000000800000000)
  region size 2048K, 3 young (6144K), 2 survivors (4096K)
 Metaspace       used 40703K, committed 41152K, reserved 1114112K
  class space    used 4751K, committed 4992K, reserved 1048576K
}
Event: 2.293 GC heap after
{Heap after GC invocations=11 (full 0):
 garbage-first heap   total 61440K, used 18230K [0x0000000704800000, 0x0000000800000000)
  region size 2048K, 1 young (2048K), 1 survivors (2048K)
 Metaspace       used 40703K, committed 41152K, reserved 1114112K
  class space    used 4751K, committed 4992K, reserved 1048576K
}
Event: 2.722 GC heap before
{Heap before GC invocations=11 (full 0):
 garbage-first heap   total 61440K, used 42806K [0x0000000704800000, 0x0000000800000000)
  region size 2048K, 13 young (26624K), 1 survivors (2048K)
 Metaspace       used 47131K, committed 47552K, reserved 1114112K
  class space    used 5438K, committed 5632K, reserved 1048576K
}
Event: 2.724 GC heap after
{Heap after GC invocations=12 (full 0):
 garbage-first heap   total 61440K, used 20019K [0x0000000704800000, 0x0000000800000000)
  region size 2048K, 2 young (4096K), 2 survivors (4096K)
 Metaspace       used 47131K, committed 47552K, reserved 1114112K
  class space    used 5438K, committed 5632K, reserved 1048576K
}
Event: 3.027 GC heap before
{Heap before GC invocations=12 (full 0):
 garbage-first heap   total 61440K, used 42547K [0x0000000704800000, 0x0000000800000000)
  region size 2048K, 13 young (26624K), 2 survivors (4096K)
 Metaspace       used 52467K, committed 52928K, reserved 1114112K
  class space    used 6014K, committed 6272K, reserved 1048576K
}
Event: 3.029 GC heap after
{Heap after GC invocations=13 (full 0):
 garbage-first heap   total 61440K, used 21005K [0x0000000704800000, 0x0000000800000000)
  region size 2048K, 1 young (2048K), 1 survivors (2048K)
 Metaspace       used 52467K, committed 52928K, reserved 1114112K
  class space    used 6014K, committed 6272K, reserved 1048576K
}
Event: 3.578 GC heap before
{Heap before GC invocations=13 (full 0):
 garbage-first heap   total 61440K, used 45581K [0x0000000704800000, 0x0000000800000000)
  region size 2048K, 13 young (26624K), 1 survivors (2048K)
 Metaspace       used 58835K, committed 59264K, reserved 1114112K
  class space    used 6779K, committed 6976K, reserved 1048576K
}
Event: 3.580 GC heap after
{Heap after GC invocations=14 (full 0):
 garbage-first heap   total 61440K, used 22644K [0x0000000704800000, 0x0000000800000000)
  region size 2048K, 2 young (4096K), 2 survivors (4096K)
 Metaspace       used 58835K, committed 59264K, reserved 1114112K
  class space    used 6779K, committed 6976K, reserved 1048576K
}
Event: 3.701 GC heap before
{Heap before GC invocations=14 (full 0):
 garbage-first heap   total 61440K, used 36980K [0x0000000704800000, 0x0000000800000000)
  region size 2048K, 10 young (20480K), 2 survivors (4096K)
 Metaspace       used 59978K, committed 60416K, reserved 1114112K
  class space    used 6917K, committed 7168K, reserved 1048576K
}
Event: 3.703 GC heap after
{Heap after GC invocations=15 (full 0):
 garbage-first heap   total 61440K, used 24564K [0x0000000704800000, 0x0000000800000000)
  region size 2048K, 2 young (4096K), 2 survivors (4096K)
 Metaspace       used 59978K, committed 60416K, reserved 1114112K
  class space    used 6917K, committed 7168K, reserved 1048576K
}
Event: 3.939 GC heap before
{Heap before GC invocations=16 (full 0):
 garbage-first heap   total 61440K, used 45044K [0x0000000704800000, 0x0000000800000000)
  region size 2048K, 12 young (24576K), 2 survivors (4096K)
 Metaspace       used 63474K, committed 63936K, reserved 1114112K
  class space    used 7266K, committed 7488K, reserved 1048576K
}
Event: 3.940 GC heap after
{Heap after GC invocations=17 (full 0):
 garbage-first heap   total 61440K, used 25435K [0x0000000704800000, 0x0000000800000000)
  region size 2048K, 2 young (4096K), 2 survivors (4096K)
 Metaspace       used 63474K, committed 63936K, reserved 1114112K
  class space    used 7266K, committed 7488K, reserved 1048576K
}
Event: 6.142 GC heap before
{Heap before GC invocations=17 (full 0):
 garbage-first heap   total 61440K, used 45915K [0x0000000704800000, 0x0000000800000000)
  region size 2048K, 12 young (24576K), 2 survivors (4096K)
 Metaspace       used 65130K, committed 65664K, reserved 1114112K
  class space    used 7435K, committed 7680K, reserved 1048576K
}
Event: 6.145 GC heap after
{Heap after GC invocations=18 (full 0):
 garbage-first heap   total 61440K, used 25794K [0x0000000704800000, 0x0000000800000000)
  region size 2048K, 1 young (2048K), 1 survivors (2048K)
 Metaspace       used 65130K, committed 65664K, reserved 1114112K
  class space    used 7435K, committed 7680K, reserved 1048576K
}
Event: 349.658 GC heap before
{Heap before GC invocations=18 (full 0):
 garbage-first heap   total 61440K, used 48322K [0x0000000704800000, 0x0000000800000000)
  region size 2048K, 12 young (24576K), 1 survivors (2048K)
 Metaspace       used 66259K, committed 66752K, reserved 1114112K
  class space    used 7518K, committed 7744K, reserved 1048576K
}
Event: 349.660 GC heap after
{Heap after GC invocations=19 (full 0):
 garbage-first heap   total 61440K, used 25996K [0x0000000704800000, 0x0000000800000000)
  region size 2048K, 1 young (2048K), 1 survivors (2048K)
 Metaspace       used 66259K, committed 66752K, reserved 1114112K
  class space    used 7518K, committed 7744K, reserved 1048576K
}

